<?xml version="1.0" encoding="UTF-8"?>
<testng-results ignored="0" total="2" passed="2" failed="0" skipped="0">
  <reporter-output>
  </reporter-output>
  <suite started-at="2023-06-29T17:32:22 IST" name="Suite" finished-at="2023-06-29T17:32:31 IST" duration-ms="9330">
    <groups>
    </groups>
    <test started-at="2023-06-29T17:32:22 IST" name="ChromeTest" finished-at="2023-06-29T17:32:28 IST" duration-ms="6141">
      <class name="testNG_Basics.Working_With_Cross_Browser_Testing">
        <test-method is-config="true" signature="browser_Setup(java.lang.String)[pri:0, instance:testNG_Basics.Working_With_Cross_Browser_Testing@5bd03f44]" started-at="2023-06-29T17:32:22 IST" name="browser_Setup" finished-at="2023-06-29T17:32:27 IST" duration-ms="5055" status="PASS">
          <params>
            <param index="0">
              <value>
                <![CDATA[chrome]]>
              </value>
            </param>
          </params>
          <reporter-output>
          </reporter-output>
        </test-method> <!-- browser_Setup -->
        <test-method signature="loginTest()[pri:0, instance:testNG_Basics.Working_With_Cross_Browser_Testing@5bd03f44]" started-at="2023-06-29T17:32:27 IST" name="loginTest" finished-at="2023-06-29T17:32:28 IST" duration-ms="865" status="PASS">
          <reporter-output>
          </reporter-output>
        </test-method> <!-- loginTest -->
        <test-method is-config="true" signature="browser_Tear_Down()[pri:0, instance:testNG_Basics.Working_With_Cross_Browser_Testing@5bd03f44]" started-at="2023-06-29T17:32:28 IST" name="browser_Tear_Down" finished-at="2023-06-29T17:32:28 IST" duration-ms="166" status="PASS">
          <reporter-output>
          </reporter-output>
        </test-method> <!-- browser_Tear_Down -->
      </class> <!-- testNG_Basics.Working_With_Cross_Browser_Testing -->
    </test> <!-- ChromeTest -->
    <test started-at="2023-06-29T17:32:22 IST" name="FirefoxTest" finished-at="2023-06-29T17:32:31 IST" duration-ms="9330">
      <class name="testNG_Basics.Working_With_Cross_Browser_Testing">
        <test-method is-config="true" signature="browser_Setup(java.lang.String)[pri:0, instance:testNG_Basics.Working_With_Cross_Browser_Testing@c33b74f]" started-at="2023-06-29T17:32:22 IST" name="browser_Setup" finished-at="2023-06-29T17:32:30 IST" duration-ms="7506" status="PASS">
          <params>
            <param index="0">
              <value>
                <![CDATA[firefox]]>
              </value>
            </param>
          </params>
          <reporter-output>
          </reporter-output>
        </test-method> <!-- browser_Setup -->
        <test-method signature="loginTest()[pri:0, instance:testNG_Basics.Working_With_Cross_Browser_Testing@c33b74f]" started-at="2023-06-29T17:32:30 IST" name="loginTest" finished-at="2023-06-29T17:32:30 IST" duration-ms="673" status="PASS">
          <reporter-output>
          </reporter-output>
        </test-method> <!-- loginTest -->
        <test-method is-config="true" signature="browser_Tear_Down()[pri:0, instance:testNG_Basics.Working_With_Cross_Browser_Testing@c33b74f]" started-at="2023-06-29T17:32:30 IST" name="browser_Tear_Down" finished-at="2023-06-29T17:32:31 IST" duration-ms="1124" status="PASS">
          <reporter-output>
          </reporter-output>
        </test-method> <!-- browser_Tear_Down -->
      </class> <!-- testNG_Basics.Working_With_Cross_Browser_Testing -->
    </test> <!-- FirefoxTest -->
  </suite> <!-- Suite -->
</testng-results>
