<?xml version="1.0" encoding="UTF-8"?>
<!-- Generated by org.testng.reporters.JUnitXMLReporter -->
<testsuite ignored="0" hostname="NikJaan14" failures="0" tests="3" name="Regression Test" time="26.024" errors="0" timestamp="2023-05-30T12:48:58 IST">
  <testcase classname="test_Cases.DWS_Newsletter_Test_Case" name="newsLetter" time="9.192"/>
  <testcase classname="test_Cases.DWS_Community_Poll_Test_Case" name="communityPoll" time="7.91"/>
  <testcase classname="test_Cases.DWS_Search_Test_Case" name="search" time="8.845"/>
</testsuite> <!-- Regression Test -->
